<?xml version="1.0" encoding="UTF-8"?>
<testsuite xmlns:xsi="http://www.w3.org/2001/XMLSchema-instance" xsi:noNamespaceSchemaLocation="https://maven.apache.org/surefire/maven-surefire-plugin/xsd/surefire-test-report-3.0.xsd" version="3.0" name="homework.AppTest" time="0.181" tests="19" errors="0" skipped="0" failures="0">
  <properties>
    <property name="java.specification.version" value="21"/>
    <property name="sun.jnu.encoding" value="UTF-8"/>
    <property name="java.class.path" value="/Users/ashwin/Desktop/OnTechU/Winter 2024/Quality - SOFE 3980U/nextdatehomeworkk/target/test-classes:/Users/ashwin/Desktop/OnTechU/Winter 2024/Quality - SOFE 3980U/nextdatehomeworkk/target/classes:/Users/ashwin/.m2/repository/org/junit/jupiter/junit-jupiter-api/5.10.1/junit-jupiter-api-5.10.1.jar:/Users/ashwin/.m2/repository/org/opentest4j/opentest4j/1.3.0/opentest4j-1.3.0.jar:/Users/ashwin/.m2/repository/org/junit/platform/junit-platform-commons/1.10.1/junit-platform-commons-1.10.1.jar:/Users/ashwin/.m2/repository/org/apiguardian/apiguardian-api/1.1.2/apiguardian-api-1.1.2.jar:/Users/ashwin/.m2/repository/org/junit/jupiter/junit-jupiter-engine/5.10.1/junit-jupiter-engine-5.10.1.jar:/Users/ashwin/.m2/repository/org/junit/platform/junit-platform-engine/1.10.1/junit-platform-engine-1.10.1.jar:"/>
    <property name="java.vm.vendor" value="Oracle Corporation"/>
    <property name="sun.arch.data.model" value="64"/>
    <property name="java.vendor.url" value="https://java.oracle.com/"/>
    <property name="os.name" value="Mac OS X"/>
    <property name="java.vm.specification.version" value="21"/>
    <property name="sun.java.launcher" value="SUN_STANDARD"/>
    <property name="user.country" value="CA"/>
    <property name="sun.boot.library.path" value="/Users/ashwin/Library/Java/JavaVirtualMachines/openjdk-21.0.1/Contents/Home/lib"/>
    <property name="sun.java.command" value="/Users/ashwin/Desktop/OnTechU/Winter 2024/Quality - SOFE 3980U/nextdatehomeworkk/target/surefire/surefirebooter-20240228232257178_3.jar /Users/ashwin/Desktop/OnTechU/Winter 2024/Quality - SOFE 3980U/nextdatehomeworkk/target/surefire 2024-02-28T23-22-56_983-jvmRun1 surefire-20240228232257178_1tmp surefire_0-20240228232257178_2tmp"/>
    <property name="http.nonProxyHosts" value="local|*.local|169.254/16|*.169.254/16"/>
    <property name="jdk.debug" value="release"/>
    <property name="surefire.test.class.path" value="/Users/ashwin/Desktop/OnTechU/Winter 2024/Quality - SOFE 3980U/nextdatehomeworkk/target/test-classes:/Users/ashwin/Desktop/OnTechU/Winter 2024/Quality - SOFE 3980U/nextdatehomeworkk/target/classes:/Users/ashwin/.m2/repository/org/junit/jupiter/junit-jupiter-api/5.10.1/junit-jupiter-api-5.10.1.jar:/Users/ashwin/.m2/repository/org/opentest4j/opentest4j/1.3.0/opentest4j-1.3.0.jar:/Users/ashwin/.m2/repository/org/junit/platform/junit-platform-commons/1.10.1/junit-platform-commons-1.10.1.jar:/Users/ashwin/.m2/repository/org/apiguardian/apiguardian-api/1.1.2/apiguardian-api-1.1.2.jar:/Users/ashwin/.m2/repository/org/junit/jupiter/junit-jupiter-engine/5.10.1/junit-jupiter-engine-5.10.1.jar:/Users/ashwin/.m2/repository/org/junit/platform/junit-platform-engine/1.10.1/junit-platform-engine-1.10.1.jar:"/>
    <property name="sun.cpu.endian" value="little"/>
    <property name="user.home" value="/Users/ashwin"/>
    <property name="user.language" value="en"/>
    <property name="java.specification.vendor" value="Oracle Corporation"/>
    <property name="java.version.date" value="2023-10-17"/>
    <property name="java.home" value="/Users/ashwin/Library/Java/JavaVirtualMachines/openjdk-21.0.1/Contents/Home"/>
    <property name="file.separator" value="/"/>
    <property name="basedir" value="/Users/ashwin/Desktop/OnTechU/Winter 2024/Quality - SOFE 3980U/nextdatehomeworkk"/>
    <property name="java.vm.compressedOopsMode" value="Zero based"/>
    <property name="line.separator" value="&#10;"/>
    <property name="java.vm.specification.vendor" value="Oracle Corporation"/>
    <property name="java.specification.name" value="Java Platform API Specification"/>
    <property name="apple.awt.application.name" value="ForkedBooter"/>
    <property name="surefire.real.class.path" value="/Users/ashwin/Desktop/OnTechU/Winter 2024/Quality - SOFE 3980U/nextdatehomeworkk/target/surefire/surefirebooter-20240228232257178_3.jar"/>
    <property name="sun.management.compiler" value="HotSpot 64-Bit Tiered Compilers"/>
    <property name="ftp.nonProxyHosts" value="local|*.local|169.254/16|*.169.254/16"/>
    <property name="java.runtime.version" value="21.0.1+12-29"/>
    <property name="user.name" value="ashwin"/>
    <property name="stdout.encoding" value="UTF-8"/>
    <property name="path.separator" value=":"/>
    <property name="os.version" value="14.0"/>
    <property name="java.runtime.name" value="OpenJDK Runtime Environment"/>
    <property name="file.encoding" value="UTF-8"/>
    <property name="java.vm.name" value="OpenJDK 64-Bit Server VM"/>
    <property name="localRepository" value="/Users/ashwin/.m2/repository"/>
    <property name="java.vendor.url.bug" value="https://bugreport.java.com/bugreport/"/>
    <property name="java.io.tmpdir" value="/var/folders/hk/j6btmztd58133xdx5f5z00xc0000gn/T/"/>
    <property name="java.version" value="21.0.1"/>
    <property name="user.dir" value="/Users/ashwin/Desktop/OnTechU/Winter 2024/Quality - SOFE 3980U/nextdatehomeworkk"/>
    <property name="os.arch" value="x86_64"/>
    <property name="java.vm.specification.name" value="Java Virtual Machine Specification"/>
    <property name="native.encoding" value="UTF-8"/>
    <property name="java.library.path" value="/Users/ashwin/Library/Java/Extensions:/Library/Java/Extensions:/Network/Library/Java/Extensions:/System/Library/Java/Extensions:/usr/lib/java:."/>
    <property name="java.vm.info" value="mixed mode, sharing"/>
    <property name="stderr.encoding" value="UTF-8"/>
    <property name="java.vendor" value="Oracle Corporation"/>
    <property name="java.vm.version" value="21.0.1+12-29"/>
    <property name="sun.io.unicode.encoding" value="UnicodeBig"/>
    <property name="socksNonProxyHosts" value="local|*.local|169.254/16|*.169.254/16"/>
    <property name="java.class.version" value="65.0"/>
  </properties>
  <testcase name="test10" classname="homework.AppTest" time="0.04">
    <system-out><![CDATA[Testing Starting.
]]></system-out>
  </testcase>
  <testcase name="test11" classname="homework.AppTest" time="0.002"/>
  <testcase name="test12" classname="homework.AppTest" time="0.005"/>
  <testcase name="test13" classname="homework.AppTest" time="0.002"/>
  <testcase name="test15" classname="homework.AppTest" time="0.001"/>
  <testcase name="test16" classname="homework.AppTest" time="0.001"/>
  <testcase name="test17" classname="homework.AppTest" time="0.015"/>
  <testcase name="test18" classname="homework.AppTest" time="0.002"/>
  <testcase name="test19" classname="homework.AppTest" time="0.001"/>
  <testcase name="test20" classname="homework.AppTest" time="0.004"/>
  <testcase name="test1" classname="homework.AppTest" time="0.001"/>
  <testcase name="test2" classname="homework.AppTest" time="0.002"/>
  <testcase name="test3" classname="homework.AppTest" time="0.009"/>
  <testcase name="test4" classname="homework.AppTest" time="0.002"/>
  <testcase name="test5" classname="homework.AppTest" time="0.002"/>
  <testcase name="test6" classname="homework.AppTest" time="0.001"/>
  <testcase name="test7" classname="homework.AppTest" time="0.001"/>
  <testcase name="test8" classname="homework.AppTest" time="0.0"/>
  <testcase name="test9" classname="homework.AppTest" time="0.001"/>
</testsuite>